[debug] [2020-02-09T04:40:01.694Z] ----------------------------------------------------------------------
[debug] [2020-02-09T04:40:01.695Z] Command:       /usr/local/bin/node /usr/local/bin/firebase init
[debug] [2020-02-09T04:40:01.695Z] CLI Version:   7.12.1
[debug] [2020-02-09T04:40:01.695Z] Platform:      darwin
[debug] [2020-02-09T04:40:01.695Z] Node Version:  v12.15.0
[debug] [2020-02-09T04:40:01.696Z] Time:          Sat Feb 08 2020 21:40:01 GMT-0700 (Mountain Standard Time)
[debug] [2020-02-09T04:40:01.696Z] ----------------------------------------------------------------------
[debug] [2020-02-09T04:40:01.696Z] 
[debug] [2020-02-09T04:40:01.703Z] > command requires scopes: ["email","openid","https://www.googleapis.com/auth/cloudplatformprojects.readonly","https://www.googleapis.com/auth/firebase","https://www.googleapis.com/auth/cloud-platform"]
[debug] [2020-02-09T04:40:01.703Z] > authorizing via signed-in user
[info] 
     ######## #### ########  ######## ########     ###     ######  ########
     ##        ##  ##     ## ##       ##     ##  ##   ##  ##       ##
     ######    ##  ########  ######   ########  #########  ######  ######
     ##        ##  ##    ##  ##       ##     ## ##     ##       ## ##
     ##       #### ##     ## ######## ########  ##     ##  ######  ########

You're about to initialize a Firebase project in this directory:

  /Users/e1ayr0d/workspace/dictionary-re

[info] 
=== Project Setup
[info] 
[info] First, let's associate this project directory with a Firebase project.
[info] You can create multiple project aliases by running firebase use --add, 
[info] but for now we'll just set up a default project.
[info] 
[debug] [2020-02-09T04:40:08.425Z] >>> HTTP REQUEST GET https://firebase.googleapis.com/v1beta1/projects?pageSize=100  
 
[debug] [2020-02-09T04:40:08.730Z] <<< HTTP RESPONSE 200
[info] i  Using project dictionary-re (Dictionary-Re)
[info] 
=== Database Setup
[info] 
[info] Firebase Realtime Database Rules allow you to define how your data should be
[info] structured and when your data can be read from and written to.
[info] 
[debug] [2020-02-09T04:40:10.285Z] >>> HTTP REQUEST GET https://dictionary-re.firebaseio.com/.settings/rules.json  
 
[debug] [2020-02-09T04:40:10.896Z] Error: unable to get local issuer certificate
    at TLSSocket.onConnectSecure (_tls_wrap.js:1321:34)
    at TLSSocket.emit (events.js:223:5)
    at TLSSocket.EventEmitter.emit (domain.js:475:20)
    at TLSSocket._finishInit (_tls_wrap.js:794:8)
    at TLSWrap.ssl.onhandshakedone (_tls_wrap.js:608:12)
[error] 
[error] Error: Server Error. unable to get local issuer certificate
